{
  "RSpec": {
    "coverage": {
      "/Users/afishcalledrob/Documents/Makers/tech_tests_week10/spec/account_spec.rb": [
        1,
        1,
        1,
        null,
        1,
        8,
        8,
        1,
        1,
        1,
        null,
        null,
        1,
        1,
        null,
        null,
        1,
        1,
        null,
        null,
        1,
        null,
        1,
        1,
        null,
        null,
        1,
        null,
        1,
        1,
        1,
        null,
        null,
        null,
        1,
        1,
        null,
        1,
        1,
        null,
        null,
        1,
        null,
        1,
        1,
        null,
        null,
        null,
        null,
        null
      ],
      "/Users/afishcalledrob/Documents/Makers/tech_tests_week10/lib/account.rb": [
        1,
        1,
        1,
        1,
        null,
        1,
        14,
        14,
        null,
        null,
        1,
        6,
        6,
        null,
        null,
        1,
        4,
        4,
        null,
        null
      ],
      "/Users/afishcalledrob/Documents/Makers/tech_tests_week10/lib/transaction.rb": [
        1,
        1,
        null,
        1,
        9,
        9,
        9,
        null,
        null,
        1,
        2,
        null,
        null,
        1,
        2,
        null,
        null,
        1,
        1,
        null,
        null,
        null,
        null,
        null
      ],
      "/Users/afishcalledrob/Documents/Makers/tech_tests_week10/lib/statement.rb": [
        1,
        null,
        1,
        1,
        1,
        2,
        null,
        1,
        null,
        null
      ],
      "/Users/afishcalledrob/Documents/Makers/tech_tests_week10/spec/statement_spec.rb": [
        1,
        1,
        null,
        1,
        1,
        1,
        1,
        null,
        null,
        null,
        1,
        1,
        null,
        null,
        null,
        null,
        null,
        null,
        null,
        null,
        null,
        null
      ],
      "/Users/afishcalledrob/Documents/Makers/tech_tests_week10/spec/transaction_spec.rb": [
        1,
        1,
        null,
        1,
        6,
        1,
        null,
        1,
        1,
        null,
        null,
        1,
        1,
        1,
        null,
        null,
        1,
        1,
        1,
        null,
        null,
        1,
        1,
        null,
        null,
        1,
        1,
        1,
        null,
        null,
        1,
        1,
        1,
        null,
        null,
        null,
        1,
        1,
        null,
        null,
        1,
        1,
        null,
        null,
        1,
        1,
        1,
        null,
        null,
        null,
        null
      ]
    },
    "timestamp": 1529423445
  }
}
